mode: set
ccpm-demo/internal/ui/components/button.go:37.45,45.2 2 1
ccpm-demo/internal/ui/components/button.go:48.73,56.2 2 1
ccpm-demo/internal/ui/components/button.go:59.59,63.2 1 1
ccpm-demo/internal/ui/components/button.go:66.43,68.2 1 1
ccpm-demo/internal/ui/components/button.go:71.41,73.2 1 1
ccpm-demo/internal/ui/components/button.go:76.39,78.2 1 1
ccpm-demo/internal/ui/components/button.go:81.36,83.2 1 1
ccpm-demo/internal/ui/components/button.go:86.36,88.2 1 1
ccpm-demo/internal/ui/components/button.go:91.41,93.2 1 1
ccpm-demo/internal/ui/components/button.go:96.32,98.2 1 1
ccpm-demo/internal/ui/components/button.go:101.32,103.2 1 1
ccpm-demo/internal/ui/components/button.go:106.34,108.2 1 1
ccpm-demo/internal/ui/components/button.go:111.31,113.2 1 1
ccpm-demo/internal/ui/components/button.go:116.34,118.2 1 1
ccpm-demo/internal/ui/components/button.go:121.33,123.2 1 1
ccpm-demo/internal/ui/components/button.go:126.39,128.2 1 1
ccpm-demo/internal/ui/components/button.go:131.35,133.2 1 1
ccpm-demo/internal/ui/components/button.go:136.35,138.2 1 1
ccpm-demo/internal/ui/components/button.go:141.34,149.20 5 1
ccpm-demo/internal/ui/components/button.go:150.18,151.34 1 1
ccpm-demo/internal/ui/components/button.go:152.20,153.36 1 1
ccpm-demo/internal/ui/components/button.go:154.19,155.35 1 1
ccpm-demo/internal/ui/components/button.go:156.10,157.35 1 1
ccpm-demo/internal/ui/components/button.go:161.2,161.22 1 1
ccpm-demo/internal/ui/components/button.go:161.22,163.3 1 1
ccpm-demo/internal/ui/components/button.go:164.2,164.23 1 1
ccpm-demo/internal/ui/components/button.go:164.23,166.3 1 1
ccpm-demo/internal/ui/components/button.go:168.2,168.35 1 1
ccpm-demo/internal/ui/components/button.go:172.57,180.20 5 1
ccpm-demo/internal/ui/components/button.go:181.18,182.50 1 1
ccpm-demo/internal/ui/components/button.go:183.20,184.52 1 0
ccpm-demo/internal/ui/components/button.go:185.19,186.51 1 0
ccpm-demo/internal/ui/components/button.go:187.10,188.36 1 1
ccpm-demo/internal/ui/components/button.go:192.2,192.22 1 1
ccpm-demo/internal/ui/components/button.go:192.22,194.3 1 1
ccpm-demo/internal/ui/components/button.go:195.2,195.23 1 1
ccpm-demo/internal/ui/components/button.go:195.23,197.3 1 1
ccpm-demo/internal/ui/components/button.go:199.2,199.35 1 1
ccpm-demo/internal/ui/components/button.go:203.67,205.2 1 1
ccpm-demo/internal/ui/components/button.go:208.69,210.2 1 1
ccpm-demo/internal/ui/components/button.go:213.68,215.2 1 1
ccpm-demo/internal/ui/components/button.go:218.68,219.15 1 1
ccpm-demo/internal/ui/components/button.go:220.19,224.26 1 1
ccpm-demo/internal/ui/components/button.go:225.20,229.26 1 1
ccpm-demo/internal/ui/components/button.go:230.20,234.26 1 1
ccpm-demo/internal/ui/components/button.go:235.21,239.26 1 1
ccpm-demo/internal/ui/components/button.go:240.10,241.52 1 0
ccpm-demo/internal/ui/components/button.go:246.77,247.15 1 1
ccpm-demo/internal/ui/components/button.go:248.19,252.26 1 1
ccpm-demo/internal/ui/components/button.go:253.20,257.26 1 1
ccpm-demo/internal/ui/components/button.go:258.20,262.26 1 1
ccpm-demo/internal/ui/components/button.go:263.21,267.26 1 1
ccpm-demo/internal/ui/components/button.go:268.10,269.52 1 0
ccpm-demo/internal/ui/components/button.go:274.79,275.15 1 1
ccpm-demo/internal/ui/components/button.go:276.19,277.20 1 1
ccpm-demo/internal/ui/components/button.go:278.20,279.21 1 1
ccpm-demo/internal/ui/components/button.go:280.20,281.21 1 1
ccpm-demo/internal/ui/components/button.go:282.21,283.22 1 1
ccpm-demo/internal/ui/components/button.go:284.10,285.20 1 1
ccpm-demo/internal/ui/components/button.go:290.39,371.2 1 1
ccpm-demo/internal/ui/components/button.go:374.34,377.2 1 1
ccpm-demo/internal/ui/components/button.go:388.71,394.2 1 1
ccpm-demo/internal/ui/components/button.go:397.72,400.2 2 1
ccpm-demo/internal/ui/components/button.go:403.59,405.2 1 1
ccpm-demo/internal/ui/components/button_state.go:23.38,24.11 1 1
ccpm-demo/internal/ui/components/button_state.go:25.19,26.18 1 1
ccpm-demo/internal/ui/components/button_state.go:27.20,28.19 1 1
ccpm-demo/internal/ui/components/button_state.go:29.20,30.19 1 1
ccpm-demo/internal/ui/components/button_state.go:31.21,32.20 1 1
ccpm-demo/internal/ui/components/button_state.go:33.10,34.19 1 1
ccpm-demo/internal/ui/components/button_state.go:53.37,54.11 1 1
ccpm-demo/internal/ui/components/button_state.go:55.18,56.18 1 1
ccpm-demo/internal/ui/components/button_state.go:57.20,58.20 1 1
ccpm-demo/internal/ui/components/button_state.go:59.19,60.19 1 1
ccpm-demo/internal/ui/components/button_state.go:61.10,62.19 1 1
ccpm-demo/internal/ui/components/button_state.go:109.92,115.2 1 1
ccpm-demo/internal/ui/components/button_state.go:118.51,120.2 1 1
ccpm-demo/internal/ui/components/button_state.go:123.68,124.37 1 1
ccpm-demo/internal/ui/components/button_state.go:124.37,129.3 1 1
ccpm-demo/internal/ui/components/button_state.go:131.2,132.12 2 1
ccpm-demo/internal/ui/components/button_state.go:136.45,138.2 1 1
ccpm-demo/internal/ui/components/button_state.go:141.45,143.2 1 1
ccpm-demo/internal/ui/components/button_state.go:146.47,147.37 1 1
ccpm-demo/internal/ui/components/button_state.go:147.37,149.3 1 1
ccpm-demo/internal/ui/components/button_state.go:150.2,150.12 1 1
ccpm-demo/internal/ui/components/button_state.go:154.44,155.37 1 1
ccpm-demo/internal/ui/components/button_state.go:155.37,157.3 1 1
ccpm-demo/internal/ui/components/button_state.go:158.2,158.12 1 1
ccpm-demo/internal/ui/components/button_state.go:162.47,164.2 1 1
ccpm-demo/internal/ui/components/button_state.go:167.46,168.38 1 1
ccpm-demo/internal/ui/components/button_state.go:168.38,170.3 1 1
ccpm-demo/internal/ui/components/button_state.go:171.2,171.12 1 1
ccpm-demo/internal/ui/components/button_state.go:175.76,177.25 1 1
ccpm-demo/internal/ui/components/button_state.go:178.19,179.91 1 1
ccpm-demo/internal/ui/components/button_state.go:181.20,182.90 1 1
ccpm-demo/internal/ui/components/button_state.go:184.20,185.90 1 1
ccpm-demo/internal/ui/components/button_state.go:187.21,188.61 1 1
ccpm-demo/internal/ui/components/button_state.go:190.10,191.15 1 0
ccpm-demo/internal/ui/components/button_state.go:196.52,198.2 1 1
ccpm-demo/internal/ui/components/button_state.go:201.48,203.2 1 1
ccpm-demo/internal/ui/components/button_state.go:206.48,208.2 1 1
ccpm-demo/internal/ui/components/button_state.go:211.52,213.2 1 1
ccpm-demo/internal/ui/components/button_state.go:216.56,218.2 1 1
ccpm-demo/internal/ui/components/button_state.go:227.54,229.2 1 1
ccpm-demo/internal/ui/components/button_state.go:232.61,235.2 2 1
ccpm-demo/internal/ui/components/grid.go:53.34,73.2 1 0
ccpm-demo/internal/ui/components/grid.go:76.65,80.2 3 0
ccpm-demo/internal/ui/components/grid.go:83.66,87.2 3 0
ccpm-demo/internal/ui/components/grid.go:90.59,93.2 2 0
ccpm-demo/internal/ui/components/grid.go:96.59,99.2 2 0
ccpm-demo/internal/ui/components/grid.go:102.66,105.2 2 0
ccpm-demo/internal/ui/components/grid.go:108.64,112.2 3 0
ccpm-demo/internal/ui/components/grid.go:115.62,118.2 2 0
ccpm-demo/internal/ui/components/grid.go:121.72,124.2 2 0
ccpm-demo/internal/ui/components/grid.go:127.73,130.2 2 0
ccpm-demo/internal/ui/components/grid.go:133.73,136.2 2 0
ccpm-demo/internal/ui/components/grid.go:139.88,140.44 1 0
ccpm-demo/internal/ui/components/grid.go:140.44,142.3 1 0
ccpm-demo/internal/ui/components/grid.go:143.2,143.41 1 0
ccpm-demo/internal/ui/components/grid.go:143.41,145.3 1 0
ccpm-demo/internal/ui/components/grid.go:147.2,154.12 3 0
ccpm-demo/internal/ui/components/grid.go:158.63,161.13 3 0
ccpm-demo/internal/ui/components/grid.go:161.13,163.3 1 0
ccpm-demo/internal/ui/components/grid.go:164.2,164.18 1 0
ccpm-demo/internal/ui/components/grid.go:168.53,170.40 2 0
ccpm-demo/internal/ui/components/grid.go:170.40,172.3 1 0
ccpm-demo/internal/ui/components/grid.go:173.2,174.12 2 0
ccpm-demo/internal/ui/components/grid.go:178.85,179.19 1 0
ccpm-demo/internal/ui/components/grid.go:179.19,181.3 1 0
ccpm-demo/internal/ui/components/grid.go:184.2,188.30 4 0
ccpm-demo/internal/ui/components/grid.go:192.67,197.28 4 0
ccpm-demo/internal/ui/components/grid.go:197.28,199.3 1 0
ccpm-demo/internal/ui/components/grid.go:201.2,201.49 1 0
ccpm-demo/internal/ui/components/grid.go:205.52,206.25 1 0
ccpm-demo/internal/ui/components/grid.go:206.25,208.3 1 0
ccpm-demo/internal/ui/components/grid.go:209.2,209.27 1 0
ccpm-demo/internal/ui/components/grid.go:209.27,211.3 1 0
ccpm-demo/internal/ui/components/grid.go:212.2,212.14 1 0
ccpm-demo/internal/ui/components/grid.go:216.61,220.2 1 0
ccpm-demo/internal/ui/components/grid.go:223.78,231.16 3 0
ccpm-demo/internal/ui/components/grid.go:231.16,234.18 3 0
ccpm-demo/internal/ui/components/grid.go:234.18,236.4 1 0
ccpm-demo/internal/ui/components/grid.go:239.2,239.13 1 0
ccpm-demo/internal/ui/components/grid.go:243.51,248.47 3 0
ccpm-demo/internal/ui/components/grid.go:248.47,250.51 2 0
ccpm-demo/internal/ui/components/grid.go:250.51,257.14 5 0
ccpm-demo/internal/ui/components/grid.go:257.14,268.5 3 0
ccpm-demo/internal/ui/components/grid.go:268.10,274.5 2 0
ccpm-demo/internal/ui/components/grid.go:276.4,276.62 1 0
ccpm-demo/internal/ui/components/grid.go:280.3,281.33 2 0
ccpm-demo/internal/ui/components/grid.go:285.2,292.43 3 0
ccpm-demo/internal/ui/components/grid.go:296.92,297.56 1 0
ccpm-demo/internal/ui/components/grid.go:297.56,298.60 1 0
ccpm-demo/internal/ui/components/grid.go:298.60,303.44 2 0
ccpm-demo/internal/ui/components/grid.go:303.44,305.5 1 0
ccpm-demo/internal/ui/components/grid.go:309.2,309.22 1 0
ccpm-demo/internal/ui/components/grid.go:313.53,315.2 1 0
ccpm-demo/internal/ui/components/grid.go:318.41,320.2 1 0
ccpm-demo/internal/ui/components/grid.go:323.30,325.2 1 0
ccpm-demo/internal/ui/components/grid.go:328.57,331.2 1 0
ccpm-demo/internal/ui/components/grid.go:334.110,335.19 1 0
ccpm-demo/internal/ui/components/grid.go:336.19,337.30 1 0
ccpm-demo/internal/ui/components/grid.go:338.21,339.30 1 0
ccpm-demo/internal/ui/components/grid.go:340.21,341.30 1 0
ccpm-demo/internal/ui/components/grid.go:342.22,343.30 1 0
ccpm-demo/internal/ui/components/grid.go:344.10,345.25 1 0
ccpm-demo/internal/ui/components/grid.go:348.2,349.30 2 0
ccpm-demo/internal/ui/components/layout.go:41.46,58.2 1 0
ccpm-demo/internal/ui/components/layout.go:61.79,64.2 2 0
ccpm-demo/internal/ui/components/layout.go:67.85,70.2 2 0
ccpm-demo/internal/ui/components/layout.go:73.77,77.2 3 0
ccpm-demo/internal/ui/components/layout.go:80.84,85.2 4 0
ccpm-demo/internal/ui/components/layout.go:88.88,92.2 3 0
ccpm-demo/internal/ui/components/layout.go:95.75,98.2 2 0
ccpm-demo/internal/ui/components/layout.go:101.63,102.68 1 0
ccpm-demo/internal/ui/components/layout.go:102.68,106.31 3 0
ccpm-demo/internal/ui/components/layout.go:106.31,108.4 1 0
ccpm-demo/internal/ui/components/layout.go:113.74,117.86 2 0
ccpm-demo/internal/ui/components/layout.go:117.86,119.3 1 0
ccpm-demo/internal/ui/components/layout.go:121.2,124.24 2 0
ccpm-demo/internal/ui/components/layout.go:125.19,126.40 1 0
ccpm-demo/internal/ui/components/layout.go:127.21,128.42 1 0
ccpm-demo/internal/ui/components/layout.go:129.18,130.39 1 0
ccpm-demo/internal/ui/components/layout.go:131.24,132.45 1 0
ccpm-demo/internal/ui/components/layout.go:136.2,144.30 2 0
ccpm-demo/internal/ui/components/layout.go:144.30,146.3 1 0
ccpm-demo/internal/ui/components/layout.go:148.2,148.13 1 0
ccpm-demo/internal/ui/components/layout.go:152.69,156.2 1 0
ccpm-demo/internal/ui/components/layout.go:159.80,163.2 1 0
ccpm-demo/internal/ui/components/layout.go:166.82,174.2 3 0
ccpm-demo/internal/ui/components/layout.go:177.79,185.2 3 0
ccpm-demo/internal/ui/components/layout.go:188.85,193.31 3 0
ccpm-demo/internal/ui/components/layout.go:193.31,195.3 1 0
ccpm-demo/internal/ui/components/layout.go:195.8,195.38 1 0
ccpm-demo/internal/ui/components/layout.go:195.38,197.3 1 0
ccpm-demo/internal/ui/components/layout.go:199.2,201.38 1 0
ccpm-demo/internal/ui/components/layout.go:205.84,206.30 1 0
ccpm-demo/internal/ui/components/layout.go:206.30,208.3 1 0
ccpm-demo/internal/ui/components/layout.go:210.2,214.28 4 0
ccpm-demo/internal/ui/components/layout.go:214.28,216.3 1 0
ccpm-demo/internal/ui/components/layout.go:218.2,222.21 3 0
ccpm-demo/internal/ui/components/layout.go:222.21,224.3 1 0
ccpm-demo/internal/ui/components/layout.go:225.2,225.22 1 0
ccpm-demo/internal/ui/components/layout.go:225.22,227.3 1 0
ccpm-demo/internal/ui/components/layout.go:229.2,229.20 1 0
ccpm-demo/internal/ui/components/layout.go:233.52,234.30 1 0
ccpm-demo/internal/ui/components/layout.go:234.30,236.3 1 0
ccpm-demo/internal/ui/components/layout.go:236.8,236.37 1 0
ccpm-demo/internal/ui/components/layout.go:236.37,238.3 1 0
ccpm-demo/internal/ui/components/layout.go:238.8,240.3 1 0
ccpm-demo/internal/ui/components/layout.go:244.52,245.30 1 0
ccpm-demo/internal/ui/components/layout.go:245.30,247.3 1 0
ccpm-demo/internal/ui/components/layout.go:247.8,247.37 1 0
ccpm-demo/internal/ui/components/layout.go:247.37,249.3 1 0
ccpm-demo/internal/ui/components/layout.go:249.8,251.3 1 0
ccpm-demo/internal/ui/components/layout.go:255.62,267.2 1 0
ccpm-demo/internal/ui/components/layout.go:270.63,275.2 2 0
ccpm-demo/internal/ui/components/layout.go:278.64,280.31 2 0
ccpm-demo/internal/ui/components/layout.go:280.31,282.3 1 0
ccpm-demo/internal/ui/components/layout.go:282.8,282.38 1 0
ccpm-demo/internal/ui/components/layout.go:282.38,284.3 1 0
ccpm-demo/internal/ui/components/layout.go:286.2,288.33 1 0
ccpm-demo/internal/ui/components/layout.go:292.76,296.39 2 0
ccpm-demo/internal/ui/components/layout.go:296.39,298.3 1 0
ccpm-demo/internal/ui/components/layout.go:298.8,298.47 1 0
ccpm-demo/internal/ui/components/layout.go:298.47,300.3 1 0
ccpm-demo/internal/ui/components/layout.go:300.8,302.3 1 0
ccpm-demo/internal/ui/components/layout.go:305.2,305.20 1 0
ccpm-demo/internal/ui/components/layout.go:305.20,307.3 1 0
ccpm-demo/internal/ui/components/layout.go:307.8,307.28 1 0
ccpm-demo/internal/ui/components/layout.go:307.28,309.3 1 0
ccpm-demo/internal/ui/components/layout.go:309.8,311.3 1 0
ccpm-demo/internal/ui/components/layout.go:355.40,367.2 1 0
ccpm-demo/internal/ui/components/layout.go:370.64,390.2 6 0
ccpm-demo/internal/ui/components/layout.go:393.52,395.2 1 0
ccpm-demo/internal/ui/components/layout.go:398.66,400.2 1 0
ccpm-demo/internal/ui/components/layout.go:403.58,405.2 1 0
ccpm-demo/internal/ui/components/layout.go:408.56,410.2 1 0
ccpm-demo/internal/ui/components/layout.go:413.60,415.2 1 0
ccpm-demo/internal/ui/components/layout.go:418.53,420.2 1 0
